# JRE version: Java(TM) SE Runtime Environment (8.0_51-b16) (build 1.8.0_51-b16)
# Java VM: Java HotSpot(TM) 64-Bit Server VM (25.51-b03 mixed mode bsd-amd64 compressed oops)
Heap:
 PSYoungGen      total 38400K, used 28944K [0x000000016c980000, 0x000000016f700000, 0x0000000197400000)
  eden space 31232K, 92% used [0x000000016c980000,0x000000016e5ac190,0x000000016e800000)
  from space 7168K, 1% used [0x000000016ef80000,0x000000016ef98000,0x000000016f680000)
  to   space 7680K, 0% used [0x000000016e800000,0x000000016e800000,0x000000016ef80000)
 ParOldGen       total 87552K, used 5800K [0x0000000117400000, 0x000000011c980000, 0x000000016c980000)
  object space 87552K, 6% used [0x0000000117400000,0x00000001179aa300,0x000000011c980000)
 Metaspace       used 10892K, capacity 11097K, committed 11264K, reserved 1058816K
  class space    used 1146K, capacity 1213K, committed 1280K, reserved 1048576K
GC Heap History (10 events):
Event: 33.109 GC heap before
{Heap before GC invocations=4 (full 0):
 PSYoungGen      total 38400K, used 38242K [0x000000016c980000, 0x000000016f400000, 0x0000000197400000)
  eden space 33280K, 100% used [0x000000016c980000,0x000000016ea00000,0x000000016ea00000)
  from space 5120K, 96% used [0x000000016ea00000,0x000000016eed8920,0x000000016ef00000)
  to   space 5120K, 0% used [0x000000016ef00000,0x000000016ef00000,0x000000016f400000)
 ParOldGen       total 87552K, used 865K [0x0000000117400000, 0x000000011c980000, 0x000000016c980000)
  object space 87552K, 0% used [0x0000000117400000,0x00000001174d8760,0x000000011c980000)
 Metaspace       used 10869K, capacity 11033K, committed 11264K, reserved 1058816K
  class space    used 1145K, capacity 1213K, committed 1280K, reserved 1048576K
Event: 33.114 GC heap after
Heap after GC invocations=4 (full 0):
 PSYoungGen      total 38400K, used 4984K [0x000000016c980000, 0x000000016f400000, 0x0000000197400000)
  eden space 33280K, 0% used [0x000000016c980000,0x000000016c980000,0x000000016ea00000)
  from space 5120K, 97% used [0x000000016ef00000,0x000000016f3de158,0x000000016f400000)
  to   space 5120K, 0% used [0x000000016ea00000,0x000000016ea00000,0x000000016ef00000)
 ParOldGen       total 87552K, used 873K [0x0000000117400000, 0x000000011c980000, 0x000000016c980000)
  object space 87552K, 0% used [0x0000000117400000,0x00000001174da760,0x000000011c980000)
 Metaspace       used 10869K, capacity 11033K, committed 11264K, reserved 1058816K
  class space    used 1145K, capacity 1213K, committed 1280K, reserved 1048576K
}
Event: 43.113 GC heap before
{Heap before GC invocations=5 (full 0):
 PSYoungGen      total 38400K, used 38264K [0x000000016c980000, 0x000000016f400000, 0x0000000197400000)
  eden space 33280K, 100% used [0x000000016c980000,0x000000016ea00000,0x000000016ea00000)
  from space 5120K, 97% used [0x000000016ef00000,0x000000016f3de158,0x000000016f400000)
  to   space 5120K, 0% used [0x000000016ea00000,0x000000016ea00000,0x000000016ef00000)
 ParOldGen       total 87552K, used 873K [0x0000000117400000, 0x000000011c980000, 0x000000016c980000)
  object space 87552K, 0% used [0x0000000117400000,0x00000001174da760,0x000000011c980000)
 Metaspace       used 10876K, capacity 11097K, committed 11264K, reserved 1058816K
  class space    used 1145K, capacity 1213K, committed 1280K, reserved 1048576K
Event: 43.119 GC heap after
Heap after GC invocations=5 (full 0):
 PSYoungGen      total 37888K, used 4978K [0x000000016c980000, 0x000000016f580000, 0x0000000197400000)
  eden space 32768K, 0% used [0x000000016c980000,0x000000016c980000,0x000000016e980000)
  from space 5120K, 97% used [0x000000016ea00000,0x000000016eedc910,0x000000016ef00000)
  to   space 6144K, 0% used [0x000000016ef80000,0x000000016ef80000,0x000000016f580000)
 ParOldGen       total 87552K, used 881K [0x0000000117400000, 0x000000011c980000, 0x000000016c980000)
  object space 87552K, 1% used [0x0000000117400000,0x00000001174dc760,0x000000011c980000)
 Metaspace       used 10876K, capacity 11097K, committed 11264K, reserved 1058816K
  class space    used 1145K, capacity 1213K, committed 1280K, reserved 1048576K
}
Event: 53.140 GC heap before
{Heap before GC invocations=6 (full 0):
 PSYoungGen      total 37888K, used 37746K [0x000000016c980000, 0x000000016f580000, 0x0000000197400000)
  eden space 32768K, 100% used [0x000000016c980000,0x000000016e980000,0x000000016e980000)
  from space 5120K, 97% used [0x000000016ea00000,0x000000016eedc910,0x000000016ef00000)
  to   space 6144K, 0% used [0x000000016ef80000,0x000000016ef80000,0x000000016f580000)
 ParOldGen       total 87552K, used 881K [0x0000000117400000, 0x000000011c980000, 0x000000016c980000)
  object space 87552K, 1% used [0x0000000117400000,0x00000001174dc760,0x000000011c980000)
 Metaspace       used 10879K, capacity 11097K, committed 11264K, reserved 1058816K
  class space    used 1145K, capacity 1213K, committed 1280K, reserved 1048576K
Event: 53.145 GC heap after
Heap after GC invocations=6 (full 0):
 PSYoungGen      total 37888K, used 4978K [0x000000016c980000, 0x000000016f500000, 0x0000000197400000)
  eden space 32256K, 0% used [0x000000016c980000,0x000000016c980000,0x000000016e900000)
  from space 5632K, 88% used [0x000000016ef80000,0x000000016f45c910,0x000000016f500000)
  to   space 6144K, 0% used [0x000000016e900000,0x000000016e900000,0x000000016ef00000)
 ParOldGen       total 87552K, used 881K [0x0000000117400000, 0x000000011c980000, 0x000000016c980000)
  object space 87552K, 1% used [0x0000000117400000,0x00000001174dc760,0x000000011c980000)
 Metaspace       used 10879K, capacity 11097K, committed 11264K, reserved 1058816K
  class space    used 1145K, capacity 1213K, committed 1280K, reserved 1048576K
}
Event: 63.002 GC heap before
{Heap before GC invocations=7 (full 0):
 PSYoungGen      total 37888K, used 37234K [0x000000016c980000, 0x000000016f500000, 0x0000000197400000)
  eden space 32256K, 100% used [0x000000016c980000,0x000000016e900000,0x000000016e900000)
  from space 5632K, 88% used [0x000000016ef80000,0x000000016f45c910,0x000000016f500000)
  to   space 6144K, 0% used [0x000000016e900000,0x000000016e900000,0x000000016ef00000)
 ParOldGen       total 87552K, used 881K [0x0000000117400000, 0x000000011c980000, 0x000000016c980000)
  object space 87552K, 1% used [0x0000000117400000,0x00000001174dc760,0x000000011c980000)
 Metaspace       used 10879K, capacity 11097K, committed 11264K, reserved 1058816K
  class space    used 1145K, capacity 1213K, committed 1280K, reserved 1048576K
Event: 63.009 GC heap after
Heap after GC invocations=7 (full 0):
 PSYoungGen      total 37888K, used 160K [0x000000016c980000, 0x000000016f680000, 0x0000000197400000)
  eden space 31744K, 0% used [0x000000016c980000,0x000000016c980000,0x000000016e880000)
  from space 6144K, 2% used [0x000000016e900000,0x000000016e928000,0x000000016ef00000)
  to   space 7168K, 0% used [0x000000016ef80000,0x000000016ef80000,0x000000016f680000)
 ParOldGen       total 87552K, used 5784K [0x0000000117400000, 0x000000011c980000, 0x000000016c980000)
  object space 87552K, 6% used [0x0000000117400000,0x00000001179a6300,0x000000011c980000)
 Metaspace       used 10879K, capacity 11097K, committed 11264K, reserved 1058816K
  class space    used 1145K, capacity 1213K, committed 1280K, reserved 1048576K
}
Event: 72.270 GC heap before
{Heap before GC invocations=8 (full 0):
 PSYoungGen      total 37888K, used 31904K [0x000000016c980000, 0x000000016f680000, 0x0000000197400000)
  eden space 31744K, 100% used [0x000000016c980000,0x000000016e880000,0x000000016e880000)
  from space 6144K, 2% used [0x000000016e900000,0x000000016e928000,0x000000016ef00000)
  to   space 7168K, 0% used [0x000000016ef80000,0x000000016ef80000,0x000000016f680000)
 ParOldGen       total 87552K, used 5784K [0x0000000117400000, 0x000000011c980000, 0x000000016c980000)
  object space 87552K, 6% used [0x0000000117400000,0x00000001179a6300,0x000000011c980000)
 Metaspace       used 10886K, capacity 11097K, committed 11264K, reserved 1058816K
  class space    used 1145K, capacity 1213K, committed 1280K, reserved 1048576K
Event: 72.270 GC heap after
Heap after GC invocations=8 (full 0):
 PSYoungGen      total 38400K, used 96K [0x000000016c980000, 0x000000016f700000, 0x0000000197400000)
  eden space 31232K, 0% used [0x000000016c980000,0x000000016c980000,0x000000016e800000)
  from space 7168K, 1% used [0x000000016ef80000,0x000000016ef98000,0x000000016f680000)
  to   space 7680K, 0% used [0x000000016e800000,0x000000016e800000,0x000000016ef80000)
 ParOldGen       total 87552K, used 5800K [0x0000000117400000, 0x000000011c980000, 0x000000016c980000)
  object space 87552K, 6% used [0x0000000117400000,0x00000001179aa300,0x000000011c980000)
 Metaspace       used 10886K, capacity 11097K, committed 11264K, reserved 1058816K
  class space    used 1145K, capacity 1213K, committed 1280K, reserved 1048576K
}

