# JRE version: Java(TM) SE Runtime Environment (8.0_51-b16) (build 1.8.0_51-b16)
# Java VM: Java HotSpot(TM) 64-Bit Server VM (25.51-b03 mixed mode bsd-amd64 compressed oops)
Heap:
 PSYoungGen      total 38400K, used 1302K [0x0000000795580000, 0x0000000798380000, 0x00000007c0000000)
  eden space 30720K, 3% used [0x0000000795580000,0x00000007956adbc0,0x0000000797380000)
  from space 7680K, 1% used [0x0000000797400000,0x0000000797418000,0x0000000797b80000)
  to   space 8192K, 0% used [0x0000000797b80000,0x0000000797b80000,0x0000000798380000)
 ParOldGen       total 87552K, used 5791K [0x0000000740000000, 0x0000000745580000, 0x0000000795580000)
  object space 87552K, 6% used [0x0000000740000000,0x00000007405a7d40,0x0000000745580000)
 Metaspace       used 10906K, capacity 11101K, committed 11264K, reserved 1058816K
  class space    used 1146K, capacity 1213K, committed 1280K, reserved 1048576K
GC Heap History (10 events):
Event: 39.445 GC heap before
{Heap before GC invocations=5 (full 0):
 PSYoungGen      total 38400K, used 38216K [0x0000000795580000, 0x0000000798000000, 0x00000007c0000000)
  eden space 33280K, 100% used [0x0000000795580000,0x0000000797600000,0x0000000797600000)
  from space 5120K, 96% used [0x0000000797b00000,0x0000000797fd2168,0x0000000798000000)
  to   space 5120K, 0% used [0x0000000797600000,0x0000000797600000,0x0000000797b00000)
 ParOldGen       total 87552K, used 821K [0x0000000740000000, 0x0000000745580000, 0x0000000795580000)
  object space 87552K, 0% used [0x0000000740000000,0x00000007400cd500,0x0000000745580000)
 Metaspace       used 10892K, capacity 11101K, committed 11264K, reserved 1058816K
  class space    used 1145K, capacity 1213K, committed 1280K, reserved 1048576K
Event: 39.450 GC heap after
Heap after GC invocations=5 (full 0):
 PSYoungGen      total 37888K, used 4950K [0x0000000795580000, 0x0000000798180000, 0x00000007c0000000)
  eden space 32768K, 0% used [0x0000000795580000,0x0000000795580000,0x0000000797580000)
  from space 5120K, 96% used [0x0000000797600000,0x0000000797ad5878,0x0000000797b00000)
  to   space 6144K, 0% used [0x0000000797b80000,0x0000000797b80000,0x0000000798180000)
 ParOldGen       total 87552K, used 829K [0x0000000740000000, 0x0000000745580000, 0x0000000795580000)
  object space 87552K, 0% used [0x0000000740000000,0x00000007400cf500,0x0000000745580000)
 Metaspace       used 10892K, capacity 11101K, committed 11264K, reserved 1058816K
  class space    used 1145K, capacity 1213K, committed 1280K, reserved 1048576K
}
Event: 48.373 GC heap before
{Heap before GC invocations=6 (full 0):
 PSYoungGen      total 37888K, used 37718K [0x0000000795580000, 0x0000000798180000, 0x00000007c0000000)
  eden space 32768K, 100% used [0x0000000795580000,0x0000000797580000,0x0000000797580000)
  from space 5120K, 96% used [0x0000000797600000,0x0000000797ad5878,0x0000000797b00000)
  to   space 6144K, 0% used [0x0000000797b80000,0x0000000797b80000,0x0000000798180000)
 ParOldGen       total 87552K, used 829K [0x0000000740000000, 0x0000000745580000, 0x0000000795580000)
  object space 87552K, 0% used [0x0000000740000000,0x00000007400cf500,0x0000000745580000)
 Metaspace       used 10897K, capacity 11101K, committed 11264K, reserved 1058816K
  class space    used 1145K, capacity 1213K, committed 1280K, reserved 1048576K
Event: 48.379 GC heap after
Heap after GC invocations=6 (full 0):
 PSYoungGen      total 37888K, used 4950K [0x0000000795580000, 0x0000000798100000, 0x00000007c0000000)
  eden space 32256K, 0% used [0x0000000795580000,0x0000000795580000,0x0000000797500000)
  from space 5632K, 87% used [0x0000000797b80000,0x0000000798055878,0x0000000798100000)
  to   space 6144K, 0% used [0x0000000797500000,0x0000000797500000,0x0000000797b00000)
 ParOldGen       total 87552K, used 837K [0x0000000740000000, 0x0000000745580000, 0x0000000795580000)
  object space 87552K, 0% used [0x0000000740000000,0x00000007400d1500,0x0000000745580000)
 Metaspace       used 10897K, capacity 11101K, committed 11264K, reserved 1058816K
  class space    used 1145K, capacity 1213K, committed 1280K, reserved 1048576K
}
Event: 57.051 GC heap before
{Heap before GC invocations=7 (full 0):
 PSYoungGen      total 37888K, used 37206K [0x0000000795580000, 0x0000000798100000, 0x00000007c0000000)
  eden space 32256K, 100% used [0x0000000795580000,0x0000000797500000,0x0000000797500000)
  from space 5632K, 87% used [0x0000000797b80000,0x0000000798055878,0x0000000798100000)
  to   space 6144K, 0% used [0x0000000797500000,0x0000000797500000,0x0000000797b00000)
 ParOldGen       total 87552K, used 837K [0x0000000740000000, 0x0000000745580000, 0x0000000795580000)
  object space 87552K, 0% used [0x0000000740000000,0x00000007400d1500,0x0000000745580000)
 Metaspace       used 10897K, capacity 11101K, committed 11264K, reserved 1058816K
  class space    used 1145K, capacity 1213K, committed 1280K, reserved 1048576K
Event: 57.058 GC heap after
Heap after GC invocations=7 (full 0):
 PSYoungGen      total 37888K, used 64K [0x0000000795580000, 0x0000000798280000, 0x00000007c0000000)
  eden space 31744K, 0% used [0x0000000795580000,0x0000000795580000,0x0000000797480000)
  from space 6144K, 1% used [0x0000000797500000,0x0000000797510000,0x0000000797b00000)
  to   space 7168K, 0% used [0x0000000797b80000,0x0000000797b80000,0x0000000798280000)
 ParOldGen       total 87552K, used 5735K [0x0000000740000000, 0x0000000745580000, 0x0000000795580000)
  object space 87552K, 6% used [0x0000000740000000,0x0000000740599d40,0x0000000745580000)
 Metaspace       used 10897K, capacity 11101K, committed 11264K, reserved 1058816K
  class space    used 1145K, capacity 1213K, committed 1280K, reserved 1048576K
}
Event: 65.637 GC heap before
{Heap before GC invocations=8 (full 0):
 PSYoungGen      total 37888K, used 31808K [0x0000000795580000, 0x0000000798280000, 0x00000007c0000000)
  eden space 31744K, 100% used [0x0000000795580000,0x0000000797480000,0x0000000797480000)
  from space 6144K, 1% used [0x0000000797500000,0x0000000797510000,0x0000000797b00000)
  to   space 7168K, 0% used [0x0000000797b80000,0x0000000797b80000,0x0000000798280000)
 ParOldGen       total 87552K, used 5735K [0x0000000740000000, 0x0000000745580000, 0x0000000795580000)
  object space 87552K, 6% used [0x0000000740000000,0x0000000740599d40,0x0000000745580000)
 Metaspace       used 10897K, capacity 11101K, committed 11264K, reserved 1058816K
  class space    used 1145K, capacity 1213K, committed 1280K, reserved 1048576K
Event: 65.638 GC heap after
Heap after GC invocations=8 (full 0):
 PSYoungGen      total 38400K, used 64K [0x0000000795580000, 0x0000000798300000, 0x00000007c0000000)
  eden space 31232K, 0% used [0x0000000795580000,0x0000000795580000,0x0000000797400000)
  from space 7168K, 0% used [0x0000000797b80000,0x0000000797b90000,0x0000000798280000)
  to   space 7680K, 0% used [0x0000000797400000,0x0000000797400000,0x0000000797b80000)
 ParOldGen       total 87552K, used 5759K [0x0000000740000000, 0x0000000745580000, 0x0000000795580000)
  object space 87552K, 6% used [0x0000000740000000,0x000000074059fd40,0x0000000745580000)
 Metaspace       used 10897K, capacity 11101K, committed 11264K, reserved 1058816K
  class space    used 1145K, capacity 1213K, committed 1280K, reserved 1048576K
}
Event: 74.170 GC heap before
{Heap before GC invocations=9 (full 0):
 PSYoungGen      total 38400K, used 31296K [0x0000000795580000, 0x0000000798300000, 0x00000007c0000000)
  eden space 31232K, 100% used [0x0000000795580000,0x0000000797400000,0x0000000797400000)
  from space 7168K, 0% used [0x0000000797b80000,0x0000000797b90000,0x0000000798280000)
  to   space 7680K, 0% used [0x0000000797400000,0x0000000797400000,0x0000000797b80000)
 ParOldGen       total 87552K, used 5759K [0x0000000740000000, 0x0000000745580000, 0x0000000795580000)
  object space 87552K, 6% used [0x0000000740000000,0x000000074059fd40,0x0000000745580000)
 Metaspace       used 10900K, capacity 11101K, committed 11264K, reserved 1058816K
  class space    used 1145K, capacity 1213K, committed 1280K, reserved 1048576K
Event: 74.170 GC heap after
Heap after GC invocations=9 (full 0):
 PSYoungGen      total 38400K, used 96K [0x0000000795580000, 0x0000000798380000, 0x00000007c0000000)
  eden space 30720K, 0% used [0x0000000795580000,0x0000000795580000,0x0000000797380000)
  from space 7680K, 1% used [0x0000000797400000,0x0000000797418000,0x0000000797b80000)
  to   space 8192K, 0% used [0x0000000797b80000,0x0000000797b80000,0x0000000798380000)
 ParOldGen       total 87552K, used 5791K [0x0000000740000000, 0x0000000745580000, 0x0000000795580000)
  object space 87552K, 6% used [0x0000000740000000,0x00000007405a7d40,0x0000000745580000)
 Metaspace       used 10900K, capacity 11101K, committed 11264K, reserved 1058816K
  class space    used 1145K, capacity 1213K, committed 1280K, reserved 1048576K
}

